Build started 14.10.2017 22:31:27.
     1>Project "C:\Polina\Лабораторные\ВСРПП\lapytsko3\lapytsko3\lapytsko3.vcxproj" on node 2 (Build target(s)).
     1>InitializeBuildStatus:
         Creating "Debug\lapytsko3.tlog\unsuccessfulbuild" because "AlwaysCreate" was specified.
       ClCompile:
         All outputs are up-to-date.
         C:\Program Files (x86)\Microsoft Visual Studio 12.0\VC\bin\CL.exe /c /ZI /nologo /W3 /WX- /sdl /Od /Oy- /D WIN32 /D _WINDOWS /D _DEBUG /D _MBCS /D _AFXDLL /Gm /EHsc /RTC1 /MDd /GS /fp:precise /Zc:wchar_t /Zc:forScope /Yu"stdafx.h" /Fp"Debug\lapytsko3.pch" /Fo"Debug\\" /Fd"Debug\vc120.pdb" /Gd /TP /analyze- /errorReport:prompt lapytsko3Dlg.cpp
         lapytsko3Dlg.cpp
       ResourceCompile:
         All outputs are up-to-date.
       Link:
         C:\Program Files (x86)\Microsoft Visual Studio 12.0\VC\bin\link.exe /ERRORREPORT:PROMPT /OUT:"C:\Polina\Лабораторные\ВСРПП\lapytsko3\Debug\lapytsko3.exe" /INCREMENTAL /NOLOGO /MANIFEST /MANIFESTUAC:"level='asInvoker' uiAccess='false'" /manifest:embed /manifestinput:"C:\Program Files (x86)\Microsoft Visual Studio 12.0\VC\Include\Manifest\dpiaware.manifest" /DEBUG /PDB:"C:\Polina\Лабораторные\ВСРПП\lapytsko3\Debug\lapytsko3.pdb" /SUBSYSTEM:WINDOWS /TLBID:1 /DYNAMICBASE /NXCOMPAT /IMPLIB:"C:\Polina\Лабораторные\ВСРПП\lapytsko3\Debug\lapytsko3.lib" /MACHINE:X86 Debug\lapytsko3.res
         Debug\lapytsko3.obj
         Debug\lapytsko3Dlg.obj
         Debug\stdafx.obj
         lapytsko3.vcxproj -> C:\Polina\Лабораторные\ВСРПП\lapytsko3\Debug\lapytsko3.exe
       FinalizeBuildStatus:
         Deleting file "Debug\lapytsko3.tlog\unsuccessfulbuild".
         Touching "Debug\lapytsko3.tlog\lapytsko3.lastbuildstate".
     1>Done Building Project "C:\Polina\Лабораторные\ВСРПП\lapytsko3\lapytsko3\lapytsko3.vcxproj" (Build target(s)).

Build succeeded.

Time Elapsed 00:00:02.70
